#
# There is insufficient memory for the Java Runtime Environment to continue.
# Native memory allocation (malloc) failed to allocate 1048576 bytes for AllocateHeap
# Possible reasons:
#   The system is out of physical RAM or swap space
#   In 32 bit mode, the process size limit was hit
# Possible solutions:
#   Reduce memory load on the system
#   Increase physical memory or swap space
#   Check if swap backing store is full
#   Use 64 bit Java on a 64 bit OS
#   Decrease Java heap size (-Xmx/-Xms)
#   Decrease number of Java threads
#   Decrease Java thread stack sizes (-Xss)
#   Set larger code cache with -XX:ReservedCodeCacheSize=
# This output file may be truncated or incomplete.
#
#  Out of Memory Error (memory/allocation.inline.hpp:61), pid=27016, tid=0x0000000000007bcc
#
# JRE version:  (8.0) (build )
# Java VM: OpenJDK 64-Bit Server VM (25.71-b00 mixed mode windows-amd64 compressed oops)
# Failed to write core dump. Minidumps are not enabled by default on client versions of Windows
#

---------------  T H R E A D  ---------------

Current thread (0x00000000036c2800):  JavaThread "Unknown thread" [_thread_in_vm, id=31692, stack(0x00000000035c0000,0x00000000036c0000)]

Stack: [0x00000000035c0000,0x00000000036c0000]
[error occurred during error reporting (printing stack bounds), id 0xc0000005]

Native frames: (J=compiled Java code, j=interpreted, Vv=VM code, C=native code)


---------------  P R O C E S S  ---------------

Java Threads: ( => current thread )

Other Threads:

=>0x00000000036c2800 (exited) JavaThread "Unknown thread" [_thread_in_vm, id=31692, stack(0x00000000035c0000,0x00000000036c0000)]

VM state:not at safepoint (normal execution)

VM Mutex/Monitor currently owned by a thread: None

Heap:
 PSYoungGen      total 75264K, used 1290K [0x000000076c200000, 0x0000000771600000, 0x00000007c0000000)
  eden space 64512K, 2% used [0x000000076c200000,0x000000076c342900,0x0000000770100000)
  from space 10752K, 0% used [0x0000000770b80000,0x0000000770b80000,0x0000000771600000)
  to   space 10752K, 0% used [0x0000000770100000,0x0000000770100000,0x0000000770b80000)
 ParOldGen       total 172032K, used 0K [0x00000006c4600000, 0x00000006cee00000, 0x000000076c200000)
  object space 172032K, 0% used [0x00000006c4600000,0x00000006c4600000,0x00000006cee00000)
 Metaspace       used 777K, capacity 4480K, committed 4480K, reserved 1056768K
  class space    used 74K, capacity 384K, committed 384K, reserved 1048576K

Card table byte_map: [0x0000000012b80000,0x0000000013360000] byte_map_base: 0x000000000f55d000

Marking Bits: (ParMarkBitMap*) 0x0000000069c6be50
 Begin Bits: [0x00000000142a0000, 0x0000000018188000)
 End Bits:   [0x0000000018188000, 0x000000001c070000)

Polling page: 0x00000000031a0000

CodeCache: size=245760Kb used=328Kb max_used=328Kb free=245431Kb
 bounds [0x00000000037c0000, 0x0000000003a30000, 0x00000000127c0000]
 total_blobs=57 nmethods=0 adapters=38
 compilation: enabled

Compilation events (0 events):
No events

GC Heap History (0 events):
No events

Deoptimization events (0 events):
No events

Classes redefined (0 events):
No events

Internal exceptions (0 events):
No events

Events (10 events):
Event: 0.013 loading class java/lang/Short
Event: 0.013 loading class java/lang/Short done
Event: 0.013 loading class java/lang/Integer
Event: 0.013 loading class java/lang/Integer done
Event: 0.013 loading class java/lang/Long
Event: 0.013 loading class java/lang/Long done
Event: 0.013 loading class java/lang/NullPointerException
Event: 0.013 loading class java/lang/NullPointerException done
Event: 0.013 loading class java/lang/ArithmeticException
Event: 0.013 loading class java/lang/ArithmeticException done


Dynamic libraries:
0x00007ff77a150000 - 0x00007ff77a185000 	C:\Program Files\Unity\Hub\Editor\2021.3.3f1\Editor\Data\PlaybackEngines\AndroidPlayer\OpenJDK\bin\java.exe
0x00007ff8d7dd0000 - 0x00007ff8d7fc7000 	C:\WINDOWS\SYSTEM32\ntdll.dll
0x00007ff8d63d0000 - 0x00007ff8d648d000 	C:\WINDOWS\System32\KERNEL32.DLL
0x00007ff8d5b60000 - 0x00007ff8d5e2d000 	C:\WINDOWS\System32\KERNELBASE.dll
0x00007ff8d7510000 - 0x00007ff8d75be000 	C:\WINDOWS\System32\ADVAPI32.dll
0x00007ff8d7a80000 - 0x00007ff8d7b1e000 	C:\WINDOWS\System32\msvcrt.dll
0x00007ff8d79e0000 - 0x00007ff8d7a7c000 	C:\WINDOWS\System32\sechost.dll
0x00007ff8d7210000 - 0x00007ff8d7335000 	C:\WINDOWS\System32\RPCRT4.dll
0x00007ff8d7790000 - 0x00007ff8d7930000 	C:\WINDOWS\System32\USER32.dll
0x00007ff8d54f0000 - 0x00007ff8d5512000 	C:\WINDOWS\System32\win32u.dll
0x00007ff8d7760000 - 0x00007ff8d778a000 	C:\WINDOWS\System32\GDI32.dll
0x00007ff8d57f0000 - 0x00007ff8d58fb000 	C:\WINDOWS\System32\gdi32full.dll
0x00007ff8d5a00000 - 0x00007ff8d5a9d000 	C:\WINDOWS\System32\msvcp_win.dll
0x00007ff8d5900000 - 0x00007ff8d5a00000 	C:\WINDOWS\System32\ucrtbase.dll
0x00007ff8bc8f0000 - 0x00007ff8bcb8a000 	C:\WINDOWS\WinSxS\amd64_microsoft.windows.common-controls_6595b64144ccf1df_6.0.19041.1110_none_60b5254171f9507e\COMCTL32.dll
0x00007ff8d75c0000 - 0x00007ff8d75f0000 	C:\WINDOWS\System32\IMM32.DLL
0x000000006a310000 - 0x000000006a3e2000 	C:\Program Files\Unity\Hub\Editor\2021.3.3f1\Editor\Data\PlaybackEngines\AndroidPlayer\OpenJDK\jre\bin\msvcr100.dll
0x00000000694a0000 - 0x0000000069ce9000 	C:\Program Files\Unity\Hub\Editor\2021.3.3f1\Editor\Data\PlaybackEngines\AndroidPlayer\OpenJDK\jre\bin\server\jvm.dll
0x00007ff8d76d0000 - 0x00007ff8d76d8000 	C:\WINDOWS\System32\PSAPI.DLL
0x00007ff8aedb0000 - 0x00007ff8aedb9000 	C:\WINDOWS\SYSTEM32\WSOCK32.dll
0x00007ff8bf2f0000 - 0x00007ff8bf317000 	C:\WINDOWS\SYSTEM32\WINMM.dll
0x00007ff8d2910000 - 0x00007ff8d291a000 	C:\WINDOWS\SYSTEM32\VERSION.dll
0x00007ff8d7090000 - 0x00007ff8d70fb000 	C:\WINDOWS\System32\WS2_32.dll
0x00007ff8d2920000 - 0x00007ff8d292f000 	C:\Program Files\Unity\Hub\Editor\2021.3.3f1\Editor\Data\PlaybackEngines\AndroidPlayer\OpenJDK\jre\bin\verify.dll
0x00007ff8a4b60000 - 0x00007ff8a4b89000 	C:\Program Files\Unity\Hub\Editor\2021.3.3f1\Editor\Data\PlaybackEngines\AndroidPlayer\OpenJDK\jre\bin\java.dll
0x00007ff8cb4f0000 - 0x00007ff8cb506000 	C:\Program Files\Unity\Hub\Editor\2021.3.3f1\Editor\Data\PlaybackEngines\AndroidPlayer\OpenJDK\jre\bin\zip.dll

VM Arguments:
jvm_args: -Dfile.encoding=UTF-8 
java_command: <unknown>
java_class_path (initial): .
Launcher Type: SUN_STANDARD

Environment Variables:
JAVA_TOOL_OPTIONS=-Dfile.encoding=UTF-8
PATH=C:\Program Files\BraveSoftware\Brave-Browser\Application;C:\Python310\Scripts\;C:\Python310\;C:\WINDOWS\system32;C:\WINDOWS;C:\WINDOWS\System32\Wbem;C:\WINDOWS\System32\WindowsPowerShell\v1.0\;C:\WINDOWS\System32\OpenSSH\;C:\ProgramData\chocolatey\bin;C:\Program Files\nodejs\;C:\Program Files\NVIDIA Corporation\NVIDIA NvDLISR;C:\Program Files\dotnet\;C:\Users\Work\AppData\Local\Microsoft\WindowsApps;C:\Users\Work\AppData\Local\Programs\Microsoft VS Code\bin;C:\Users\Work\AppData\Local\Programs\Git\cmd;C:\Users\Work\AppData\Local\gitkraken\bin;C:\Users\Work\AppData\Roaming\npm;C:\Users\Work\AppData\Local\Programs\Git LFS
USERNAME=Work
OS=Windows_NT
PROCESSOR_IDENTIFIER=Intel64 Family 6 Model 165 Stepping 2, GenuineIntel



---------------  S Y S T E M  ---------------

OS: Windows 10.0 , 64 bit Build 19041 (10.0.19041.1741)

CPU:total 12 (initial active 12) (6 cores per cpu, 2 threads per core) family 6 model 165 stepping 2, cmov, cx8, fxsr, mmx, sse, sse2, sse3, ssse3, sse4.1, sse4.2, popcnt, avx, avx2, aes, clmul, erms, 3dnowpref, lzcnt, ht, tsc, tscinvbit, bmi1, bmi2, adx

Memory: 4k page, physical 16489816k(946588k free), swap 47568596k(5392k free)

vm_info: OpenJDK 64-Bit Server VM (25.71-b00) for windows-amd64 JRE (1.8.0-adoptopenjdk-_2018_05_19_00_59-b00), built on May 19 2018 01:02:12 by "jenkins" with MS VC++ 10.0 (VS2010)

time: Sat Jun 25 02:39:47 2022
elapsed time: 0 seconds (0d 0h 0m 0s)

